<?xml version="1.0" encoding="UTF-8"?>
<!-- Generated by org.testng.reporters.JUnitReportReporter -->
<testsuite hostname="AJ007-BOND" failures="0" tests="1" name="com.actitime.generic.DemoAssertion" time="19.907" errors="0" timestamp="2023-05-11T16:44:23 IST" skipped="0">
  <testcase classname="com.actitime.generic.DemoAssertion" name="verifytitle" time="19.907"/>
  <system-out/>
</testsuite> <!-- com.actitime.generic.DemoAssertion -->
