<?xml version="1.0" encoding="UTF-8"?>
<!-- Generated by org.testng.reporters.JUnitReportReporter -->
<testsuite hostname="AJ007-BOND" failures="0" tests="1" name="com.actitime.generic.customerModule" time="0.053" errors="0" timestamp="2023-05-08T13:41:34 IST" skipped="0">
  <testcase classname="com.actitime.generic.customerModule" name="createCustomer" time="0.053"/>
  <system-out>
    <![CDATA[Customer Created]]>
  </system-out>
</testsuite> <!-- com.actitime.generic.customerModule -->
