<?xml version="1.0" encoding="UTF-8"?>
<!-- Generated by org.testng.reporters.JUnitReportReporter -->
<testsuite hostname="AJ007-BOND" failures="0" tests="1" name="Annotation.testscript" time="0.041" errors="0" timestamp="2023-05-25T18:37:02 IST" skipped="0">
  <testcase classname="Annotation.testscript" name="test1" time="0.041"/>
  <system-out>
    <![CDATA[Main Test Script 1]]>
  </system-out>
</testsuite> <!-- Annotation.testscript -->
