<?xml version="1.0" encoding="UTF-8"?>
<!-- Generated by org.testng.reporters.JUnitReportReporter -->
<testsuite hostname="AJ007-BOND" failures="0" tests="1" name="com.actitime.generic.Aj" time="0.046" errors="0" timestamp="2023-05-08T16:20:05 IST" skipped="0">
  <testcase classname="com.actitime.generic.Aj" name="ajboss" time="0.046"/>
  <system-out>
    <![CDATA[aj started]]>
  </system-out>
</testsuite> <!-- com.actitime.generic.Aj -->
