<?xml version="1.0" encoding="UTF-8"?>
<!-- Generated by org.testng.reporters.JUnitReportReporter -->
<testsuite hostname="AJ007-BOND" failures="0" tests="1" name="Annotation.testscript2" time="0.011" errors="0" timestamp="2023-05-25T18:37:02 IST" skipped="0">
  <testcase classname="Annotation.testscript2" name="test2" time="0.011"/>
  <system-out>
    <![CDATA[Main Test Script 2]]>
  </system-out>
</testsuite> <!-- Annotation.testscript2 -->
